                                 The SAS System                                1
                                               23:19 Wednesday, October 14, 2015

---------------------------------- day=. tx=  ----------------------------------

                              The MEANS Procedure

                           Analysis Variable : my my
 
        N            Mean         Std Dev         Minimum         Maximum
      -------------------------------------------------------------------
        0               .               .               .               .
      -------------------------------------------------------------------


------------------------------- day=-30 tx=ctrl --------------------------------

                           Analysis Variable : my my
 
        N            Mean         Std Dev         Minimum         Maximum
      -------------------------------------------------------------------
        3      36.2500000       2.0254135      33.9200000      37.5900000
      -------------------------------------------------------------------


------------------------------- day=-30 tx=rstr --------------------------------

                           Analysis Variable : my my
 
        N            Mean         Std Dev         Minimum         Maximum
      -------------------------------------------------------------------
        3      35.9966667       4.5391225      32.3200000      41.0700000
      -------------------------------------------------------------------


------------------------------- day=-29 tx=ctrl --------------------------------

                           Analysis Variable : my my
 
        N            Mean         Std Dev         Minimum         Maximum
      -------------------------------------------------------------------
        3      35.8333333       0.9565737      34.7300000      36.4300000
      -------------------------------------------------------------------


------------------------------- day=-29 tx=rstr --------------------------------

                           Analysis Variable : my my
 
        N            Mean         Std Dev         Minimum         Maximum
      -------------------------------------------------------------------
        2      34.7050000       0.2333452      34.5400000      34.8700000
      -------------------------------------------------------------------


                                 The SAS System                                2
                                               23:19 Wednesday, October 14, 2015

------------------------------- day=-28 tx=ctrl --------------------------------

                              The MEANS Procedure

                           Analysis Variable : my my
 
        N            Mean         Std Dev         Minimum         Maximum
      -------------------------------------------------------------------
        2      36.7800000       2.2910260      35.1600000      38.4000000
      -------------------------------------------------------------------


------------------------------- day=-28 tx=rstr --------------------------------

                           Analysis Variable : my my
 
        N            Mean         Std Dev         Minimum         Maximum
      -------------------------------------------------------------------
        2      35.1800000       1.1030866      34.4000000      35.9600000
      -------------------------------------------------------------------


------------------------------- day=-27 tx=ctrl --------------------------------

                           Analysis Variable : my my
 
        N            Mean         Std Dev         Minimum         Maximum
      -------------------------------------------------------------------
        3      35.8733333       2.1540969      34.5800000      38.3600000
      -------------------------------------------------------------------


------------------------------- day=-27 tx=rstr --------------------------------

                           Analysis Variable : my my
 
        N            Mean         Std Dev         Minimum         Maximum
      -------------------------------------------------------------------
        3      37.2066667       5.5659800      32.8600000      43.4800000
      -------------------------------------------------------------------


------------------------------- day=-26 tx=ctrl --------------------------------

                           Analysis Variable : my my
 
        N            Mean         Std Dev         Minimum         Maximum
      -------------------------------------------------------------------
        3      36.4900000       1.9677144      35.2700000      38.7600000
      -------------------------------------------------------------------


                                 The SAS System                                3
                                               23:19 Wednesday, October 14, 2015

------------------------------- day=-26 tx=rstr --------------------------------

                              The MEANS Procedure

                           Analysis Variable : my my
 
        N            Mean         Std Dev         Minimum         Maximum
      -------------------------------------------------------------------
        3      36.5166667       2.2272030      34.6000000      38.9600000
      -------------------------------------------------------------------


------------------------------- day=-25 tx=ctrl --------------------------------

                           Analysis Variable : my my
 
        N            Mean         Std Dev         Minimum         Maximum
      -------------------------------------------------------------------
        3      35.6900000       0.5838664      35.0200000      36.0900000
      -------------------------------------------------------------------


------------------------------- day=-25 tx=rstr --------------------------------

                           Analysis Variable : my my
 
        N            Mean         Std Dev         Minimum         Maximum
      -------------------------------------------------------------------
        3      36.6266667       4.1715025      32.9500000      41.1600000
      -------------------------------------------------------------------


------------------------------- day=-24 tx=ctrl --------------------------------

                           Analysis Variable : my my
 
        N            Mean         Std Dev         Minimum         Maximum
      -------------------------------------------------------------------
        3      35.7533333       1.0996515      34.6000000      36.7900000
      -------------------------------------------------------------------


------------------------------- day=-24 tx=rstr --------------------------------

                           Analysis Variable : my my
 
        N            Mean         Std Dev         Minimum         Maximum
      -------------------------------------------------------------------
        3      35.8433333       4.3120335      33.2200000      40.8200000
      -------------------------------------------------------------------


                                 The SAS System                                4
                                               23:19 Wednesday, October 14, 2015

------------------------------- day=-23 tx=ctrl --------------------------------

                              The MEANS Procedure

                           Analysis Variable : my my
 
        N            Mean         Std Dev         Minimum         Maximum
      -------------------------------------------------------------------
        3      35.3433333       1.2623127      34.5700000      36.8000000
      -------------------------------------------------------------------


------------------------------- day=-23 tx=rstr --------------------------------

                           Analysis Variable : my my
 
        N            Mean         Std Dev         Minimum         Maximum
      -------------------------------------------------------------------
        3      35.8433333       5.1887796      32.0200000      41.7500000
      -------------------------------------------------------------------


------------------------------- day=-22 tx=ctrl --------------------------------

                           Analysis Variable : my my
 
        N            Mean         Std Dev         Minimum         Maximum
      -------------------------------------------------------------------
        3      34.7966667       1.5819713      32.9700000      35.7200000
      -------------------------------------------------------------------


------------------------------- day=-22 tx=rstr --------------------------------

                           Analysis Variable : my my
 
        N            Mean         Std Dev         Minimum         Maximum
      -------------------------------------------------------------------
        3      37.3633333       6.5464061      32.8400000      44.8700000
      -------------------------------------------------------------------


------------------------------- day=-21 tx=ctrl --------------------------------

                           Analysis Variable : my my
 
        N            Mean         Std Dev         Minimum         Maximum
      -------------------------------------------------------------------
        3      35.0966667       2.3424844      33.4600000      37.7800000
      -------------------------------------------------------------------


                                 The SAS System                                5
                                               23:19 Wednesday, October 14, 2015

------------------------------- day=-21 tx=rstr --------------------------------

                              The MEANS Procedure

                           Analysis Variable : my my
 
        N            Mean         Std Dev         Minimum         Maximum
      -------------------------------------------------------------------
        3      32.1466667       3.8615584      28.3500000      36.0700000
      -------------------------------------------------------------------


------------------------------- day=-20 tx=ctrl --------------------------------

                           Analysis Variable : my my
 
        N            Mean         Std Dev         Minimum         Maximum
      -------------------------------------------------------------------
        3      36.5800000       2.1450175      34.8800000      38.9900000
      -------------------------------------------------------------------


------------------------------- day=-20 tx=rstr --------------------------------

                           Analysis Variable : my my
 
        N            Mean         Std Dev         Minimum         Maximum
      -------------------------------------------------------------------
        3      34.1400000       2.5205357      32.6400000      37.0500000
      -------------------------------------------------------------------


------------------------------- day=-19 tx=ctrl --------------------------------

                           Analysis Variable : my my
 
        N            Mean         Std Dev         Minimum         Maximum
      -------------------------------------------------------------------
        3      36.4100000       1.0652230      35.7900000      37.6400000
      -------------------------------------------------------------------


------------------------------- day=-19 tx=rstr --------------------------------

                           Analysis Variable : my my
 
        N            Mean         Std Dev         Minimum         Maximum
      -------------------------------------------------------------------
        3      34.0800000       3.3003788      31.9300000      37.8800000
      -------------------------------------------------------------------


                                 The SAS System                                6
                                               23:19 Wednesday, October 14, 2015

------------------------------- day=-18 tx=ctrl --------------------------------

                              The MEANS Procedure

                           Analysis Variable : my my
 
        N            Mean         Std Dev         Minimum         Maximum
      -------------------------------------------------------------------
        3      35.7166667       1.7468352      33.8100000      37.2400000
      -------------------------------------------------------------------


------------------------------- day=-18 tx=rstr --------------------------------

                           Analysis Variable : my my
 
        N            Mean         Std Dev         Minimum         Maximum
      -------------------------------------------------------------------
        3      32.9500000       1.8251849      31.1100000      34.7600000
      -------------------------------------------------------------------


------------------------------- day=-17 tx=ctrl --------------------------------

                           Analysis Variable : my my
 
        N            Mean         Std Dev         Minimum         Maximum
      -------------------------------------------------------------------
        3      34.9900000       1.3218169      33.6300000      36.2700000
      -------------------------------------------------------------------


------------------------------- day=-17 tx=rstr --------------------------------

                           Analysis Variable : my my
 
        N            Mean         Std Dev         Minimum         Maximum
      -------------------------------------------------------------------
        3      35.0333333       4.1235947      31.9200000      39.7100000
      -------------------------------------------------------------------


------------------------------- day=-16 tx=ctrl --------------------------------

                           Analysis Variable : my my
 
        N            Mean         Std Dev         Minimum         Maximum
      -------------------------------------------------------------------
        3      33.9900000       1.7851891      32.2200000      35.7900000
      -------------------------------------------------------------------


                                 The SAS System                                7
                                               23:19 Wednesday, October 14, 2015

------------------------------- day=-16 tx=rstr --------------------------------

                              The MEANS Procedure

                           Analysis Variable : my my
 
        N            Mean         Std Dev         Minimum         Maximum
      -------------------------------------------------------------------
        3      34.3300000       4.7681548      29.8200000      39.3200000
      -------------------------------------------------------------------


------------------------------- day=-15 tx=ctrl --------------------------------

                           Analysis Variable : my my
 
        N            Mean         Std Dev         Minimum         Maximum
      -------------------------------------------------------------------
        3      34.3200000       1.4933185      33.2200000      36.0200000
      -------------------------------------------------------------------


------------------------------- day=-15 tx=rstr --------------------------------

                           Analysis Variable : my my
 
        N            Mean         Std Dev         Minimum         Maximum
      -------------------------------------------------------------------
        3      33.2233333       4.7555687      29.1300000      38.4400000
      -------------------------------------------------------------------


------------------------------- day=-14 tx=ctrl --------------------------------

                           Analysis Variable : my my
 
        N            Mean         Std Dev         Minimum         Maximum
      -------------------------------------------------------------------
        3      34.8866667       4.9688262      29.2000000      38.3900000
      -------------------------------------------------------------------


------------------------------- day=-14 tx=rstr --------------------------------

                           Analysis Variable : my my
 
        N            Mean         Std Dev         Minimum         Maximum
      -------------------------------------------------------------------
        3      35.6733333       3.9505232      33.2100000      40.2300000
      -------------------------------------------------------------------


                                 The SAS System                                8
                                               23:19 Wednesday, October 14, 2015

------------------------------- day=-13 tx=ctrl --------------------------------

                              The MEANS Procedure

                           Analysis Variable : my my
 
        N            Mean         Std Dev         Minimum         Maximum
      -------------------------------------------------------------------
        3      35.4466667       2.1685325      33.4600000      37.7600000
      -------------------------------------------------------------------


------------------------------- day=-13 tx=rstr --------------------------------

                           Analysis Variable : my my
 
        N            Mean         Std Dev         Minimum         Maximum
      -------------------------------------------------------------------
        3      34.4000000       2.6914866      32.0000000      37.3100000
      -------------------------------------------------------------------


------------------------------- day=-12 tx=ctrl --------------------------------

                           Analysis Variable : my my
 
        N            Mean         Std Dev         Minimum         Maximum
      -------------------------------------------------------------------
        3      36.4000000       1.1520851      35.2100000      37.5100000
      -------------------------------------------------------------------


------------------------------- day=-12 tx=rstr --------------------------------

                           Analysis Variable : my my
 
        N            Mean         Std Dev         Minimum         Maximum
      -------------------------------------------------------------------
        3      34.1800000       4.2154359      30.0000000      38.4300000
      -------------------------------------------------------------------


------------------------------- day=-11 tx=ctrl --------------------------------

                           Analysis Variable : my my
 
        N            Mean         Std Dev         Minimum         Maximum
      -------------------------------------------------------------------
        3      35.5366667       1.1344749      34.5800000      36.7900000
      -------------------------------------------------------------------


                                 The SAS System                                9
                                               23:19 Wednesday, October 14, 2015

------------------------------- day=-11 tx=rstr --------------------------------

                              The MEANS Procedure

                           Analysis Variable : my my
 
        N            Mean         Std Dev         Minimum         Maximum
      -------------------------------------------------------------------
        3      31.4433333       4.9394365      26.0000000      35.6400000
      -------------------------------------------------------------------


------------------------------- day=-10 tx=ctrl --------------------------------

                           Analysis Variable : my my
 
        N            Mean         Std Dev         Minimum         Maximum
      -------------------------------------------------------------------
        3      28.8300000      12.4696953      14.4400000      36.4600000
      -------------------------------------------------------------------


------------------------------- day=-10 tx=rstr --------------------------------

                           Analysis Variable : my my
 
        N            Mean         Std Dev         Minimum         Maximum
      -------------------------------------------------------------------
        3      33.8566667       2.4497823      31.5000000      36.3900000
      -------------------------------------------------------------------


-------------------------------- day=-9 tx=ctrl --------------------------------

                           Analysis Variable : my my
 
        N            Mean         Std Dev         Minimum         Maximum
      -------------------------------------------------------------------
        3      33.2300000       3.4806178      29.4000000      36.2000000
      -------------------------------------------------------------------


-------------------------------- day=-9 tx=rstr --------------------------------

                           Analysis Variable : my my
 
        N            Mean         Std Dev         Minimum         Maximum
      -------------------------------------------------------------------
        3      29.1033333       5.9885084      23.0000000      34.9700000
      -------------------------------------------------------------------


                                 The SAS System                               10
                                               23:19 Wednesday, October 14, 2015

-------------------------------- day=-8 tx=ctrl --------------------------------

                              The MEANS Procedure

                           Analysis Variable : my my
 
        N            Mean         Std Dev         Minimum         Maximum
      -------------------------------------------------------------------
        3      31.6466667       5.1276928      25.7300000      34.8000000
      -------------------------------------------------------------------


-------------------------------- day=-8 tx=rstr --------------------------------

                           Analysis Variable : my my
 
        N            Mean         Std Dev         Minimum         Maximum
      -------------------------------------------------------------------
        3      34.1733333       0.5316327      33.7500000      34.7700000
      -------------------------------------------------------------------


-------------------------------- day=-7 tx=ctrl --------------------------------

                           Analysis Variable : my my
 
        N            Mean         Std Dev         Minimum         Maximum
      -------------------------------------------------------------------
        3      34.6200000       2.7492363      32.0100000      37.4900000
      -------------------------------------------------------------------


-------------------------------- day=-7 tx=rstr --------------------------------

                           Analysis Variable : my my
 
        N            Mean         Std Dev         Minimum         Maximum
      -------------------------------------------------------------------
        3      33.1366667       3.6999505      29.0000000      36.1300000
      -------------------------------------------------------------------


-------------------------------- day=-6 tx=ctrl --------------------------------

                           Analysis Variable : my my
 
        N            Mean         Std Dev         Minimum         Maximum
      -------------------------------------------------------------------
        3      35.5000000       3.3403144      31.6700000      37.8100000
      -------------------------------------------------------------------


                                 The SAS System                               11
                                               23:19 Wednesday, October 14, 2015

-------------------------------- day=-6 tx=rstr --------------------------------

                              The MEANS Procedure

                           Analysis Variable : my my
 
        N            Mean         Std Dev         Minimum         Maximum
      -------------------------------------------------------------------
        3      32.2766667       5.8703180      25.5000000      35.8000000
      -------------------------------------------------------------------


-------------------------------- day=-5 tx=ctrl --------------------------------

                           Analysis Variable : my my
 
        N            Mean         Std Dev         Minimum         Maximum
      -------------------------------------------------------------------
        3      34.1100000       4.0416333      29.6500000      37.5300000
      -------------------------------------------------------------------


-------------------------------- day=-5 tx=rstr --------------------------------

                           Analysis Variable : my my
 
        N            Mean         Std Dev         Minimum         Maximum
      -------------------------------------------------------------------
        3      33.6833333       2.8276197      31.2600000      36.7900000
      -------------------------------------------------------------------


-------------------------------- day=-4 tx=ctrl --------------------------------

                           Analysis Variable : my my
 
        N            Mean         Std Dev         Minimum         Maximum
      -------------------------------------------------------------------
        3      33.3900000       2.2208332      31.3900000      35.7800000
      -------------------------------------------------------------------


-------------------------------- day=-4 tx=rstr --------------------------------

                           Analysis Variable : my my
 
        N            Mean         Std Dev         Minimum         Maximum
      -------------------------------------------------------------------
        3      32.3766667       3.2887130      30.0000000      36.1300000
      -------------------------------------------------------------------


                                 The SAS System                               12
                                               23:19 Wednesday, October 14, 2015

-------------------------------- day=-3 tx=ctrl --------------------------------

                              The MEANS Procedure

                           Analysis Variable : my my
 
        N            Mean         Std Dev         Minimum         Maximum
      -------------------------------------------------------------------
        3      30.2033333       5.6377330      26.0000000      36.6100000
      -------------------------------------------------------------------


-------------------------------- day=-3 tx=rstr --------------------------------

                           Analysis Variable : my my
 
        N            Mean         Std Dev         Minimum         Maximum
      -------------------------------------------------------------------
        3      30.1800000       2.7635484      27.0000000      32.0000000
      -------------------------------------------------------------------


-------------------------------- day=-2 tx=ctrl --------------------------------

                           Analysis Variable : my my
 
        N            Mean         Std Dev         Minimum         Maximum
      -------------------------------------------------------------------
        3      24.6666667       9.2915732      14.0000000      31.0000000
      -------------------------------------------------------------------


-------------------------------- day=-2 tx=rstr --------------------------------

                           Analysis Variable : my my
 
        N            Mean         Std Dev         Minimum         Maximum
      -------------------------------------------------------------------
        3      28.3333333       3.7859389      24.0000000      31.0000000
      -------------------------------------------------------------------


-------------------------------- day=-1 tx=ctrl --------------------------------

                           Analysis Variable : my my
 
        N            Mean         Std Dev         Minimum         Maximum
      -------------------------------------------------------------------
        3      30.0000000       2.6457513      28.0000000      33.0000000
      -------------------------------------------------------------------


                                 The SAS System                               13
                                               23:19 Wednesday, October 14, 2015

-------------------------------- day=-1 tx=rstr --------------------------------

                              The MEANS Procedure

                           Analysis Variable : my my
 
        N            Mean         Std Dev         Minimum         Maximum
      -------------------------------------------------------------------
        3      27.3333333       2.0816660      25.0000000      29.0000000
      -------------------------------------------------------------------


-------------------------------- day=0 tx=ctrl ---------------------------------

                           Analysis Variable : my my
 
        N            Mean         Std Dev         Minimum         Maximum
      -------------------------------------------------------------------
        3      31.6666667       2.9297326      29.5000000      35.0000000
      -------------------------------------------------------------------


-------------------------------- day=0 tx=rstr ---------------------------------

                           Analysis Variable : my my
 
        N            Mean         Std Dev         Minimum         Maximum
      -------------------------------------------------------------------
        3      31.6666667       0.5773503      31.0000000      32.0000000
      -------------------------------------------------------------------


-------------------------------- day=1 tx=ctrl ---------------------------------

                           Analysis Variable : my my
 
        N            Mean         Std Dev         Minimum         Maximum
      -------------------------------------------------------------------
        3      31.0000000       1.0000000      30.0000000      32.0000000
      -------------------------------------------------------------------


-------------------------------- day=1 tx=rstr ---------------------------------

                           Analysis Variable : my my
 
        N            Mean         Std Dev         Minimum         Maximum
      -------------------------------------------------------------------
        3      29.8333333       7.2858310      21.5000000      35.0000000
      -------------------------------------------------------------------


                                 The SAS System                               14
                                               23:19 Wednesday, October 14, 2015

-------------------------------- day=2 tx=ctrl ---------------------------------

                              The MEANS Procedure

                           Analysis Variable : my my
 
        N            Mean         Std Dev         Minimum         Maximum
      -------------------------------------------------------------------
        3      30.8333333       1.2583057      29.5000000      32.0000000
      -------------------------------------------------------------------


-------------------------------- day=2 tx=rstr ---------------------------------

                           Analysis Variable : my my
 
        N            Mean         Std Dev         Minimum         Maximum
      -------------------------------------------------------------------
        3      20.6666667       2.5166115      18.0000000      23.0000000
      -------------------------------------------------------------------


-------------------------------- day=3 tx=ctrl ---------------------------------

                           Analysis Variable : my my
 
        N            Mean         Std Dev         Minimum         Maximum
      -------------------------------------------------------------------
        3      27.6666667       4.9328829      22.0000000      31.0000000
      -------------------------------------------------------------------


-------------------------------- day=3 tx=rstr ---------------------------------

                           Analysis Variable : my my
 
        N            Mean         Std Dev         Minimum         Maximum
      -------------------------------------------------------------------
        3      22.3333333       5.5075705      16.0000000      26.0000000
      -------------------------------------------------------------------


-------------------------------- day=4 tx=ctrl ---------------------------------

                           Analysis Variable : my my
 
        N            Mean         Std Dev         Minimum         Maximum
      -------------------------------------------------------------------
        3      30.6666667       2.0816660      29.0000000      33.0000000
      -------------------------------------------------------------------


                                 The SAS System                               15
                                               23:19 Wednesday, October 14, 2015

-------------------------------- day=4 tx=rstr ---------------------------------

                              The MEANS Procedure

                           Analysis Variable : my my
 
        N            Mean         Std Dev         Minimum         Maximum
      -------------------------------------------------------------------
        3      23.6666667       1.5275252      22.0000000      25.0000000
      -------------------------------------------------------------------


-------------------------------- day=5 tx=ctrl ---------------------------------

                           Analysis Variable : my my
 
        N            Mean         Std Dev         Minimum         Maximum
      -------------------------------------------------------------------
        3      30.0000000       2.6457513      27.0000000      32.0000000
      -------------------------------------------------------------------


-------------------------------- day=5 tx=rstr ---------------------------------

                           Analysis Variable : my my
 
        N            Mean         Std Dev         Minimum         Maximum
      -------------------------------------------------------------------
        3      22.6666667       1.5275252      21.0000000      24.0000000
      -------------------------------------------------------------------


-------------------------------- day=6 tx=ctrl ---------------------------------

                           Analysis Variable : my my
 
        N            Mean         Std Dev         Minimum         Maximum
      -------------------------------------------------------------------
        3      31.0000000       1.0000000      30.0000000      32.0000000
      -------------------------------------------------------------------


-------------------------------- day=6 tx=rstr ---------------------------------

                           Analysis Variable : my my
 
        N            Mean         Std Dev         Minimum         Maximum
      -------------------------------------------------------------------
        3      26.6666667       2.8867513      25.0000000      30.0000000
      -------------------------------------------------------------------


                                 The SAS System                               16
                                               23:19 Wednesday, October 14, 2015

-------------------------------- day=7 tx=ctrl ---------------------------------

                              The MEANS Procedure

                           Analysis Variable : my my
 
        N            Mean         Std Dev         Minimum         Maximum
      -------------------------------------------------------------------
        3      30.3333333       6.1101009      25.0000000      37.0000000
      -------------------------------------------------------------------


-------------------------------- day=7 tx=rstr ---------------------------------

                           Analysis Variable : my my
 
        N            Mean         Std Dev         Minimum         Maximum
      -------------------------------------------------------------------
        3      24.6666667       3.0550505      22.0000000      28.0000000
      -------------------------------------------------------------------


-------------------------------- day=8 tx=ctrl ---------------------------------

                           Analysis Variable : my my
 
        N            Mean         Std Dev         Minimum         Maximum
      -------------------------------------------------------------------
        3      29.3333333       2.0816660      27.0000000      31.0000000
      -------------------------------------------------------------------


-------------------------------- day=8 tx=rstr ---------------------------------

                           Analysis Variable : my my
 
        N            Mean         Std Dev         Minimum         Maximum
      -------------------------------------------------------------------
        3      22.6666667       3.7859389      20.0000000      27.0000000
      -------------------------------------------------------------------


-------------------------------- day=9 tx=ctrl ---------------------------------

                           Analysis Variable : my my
 
        N            Mean         Std Dev         Minimum         Maximum
      -------------------------------------------------------------------
        3      30.6666667       3.5118846      27.0000000      34.0000000
      -------------------------------------------------------------------


                                 The SAS System                               17
                                               23:19 Wednesday, October 14, 2015

-------------------------------- day=9 tx=rstr ---------------------------------

                              The MEANS Procedure

                           Analysis Variable : my my
 
        N            Mean         Std Dev         Minimum         Maximum
      -------------------------------------------------------------------
        3      22.3333333       2.8867513      19.0000000      24.0000000
      -------------------------------------------------------------------


-------------------------------- day=10 tx=ctrl --------------------------------

                           Analysis Variable : my my
 
        N            Mean         Std Dev         Minimum         Maximum
      -------------------------------------------------------------------
        3      31.3333333       3.7859389      27.0000000      34.0000000
      -------------------------------------------------------------------


-------------------------------- day=10 tx=rstr --------------------------------

                           Analysis Variable : my my
 
        N            Mean         Std Dev         Minimum         Maximum
      -------------------------------------------------------------------
        3      23.6666667       2.3094011      21.0000000      25.0000000
      -------------------------------------------------------------------


-------------------------------- day=11 tx=ctrl --------------------------------

                           Analysis Variable : my my
 
        N            Mean         Std Dev         Minimum         Maximum
      -------------------------------------------------------------------
        3      29.0000000       3.6055513      25.0000000      32.0000000
      -------------------------------------------------------------------


-------------------------------- day=11 tx=rstr --------------------------------

                           Analysis Variable : my my
 
        N            Mean         Std Dev         Minimum         Maximum
      -------------------------------------------------------------------
        3      23.6666667       2.3094011      21.0000000      25.0000000
      -------------------------------------------------------------------


                                 The SAS System                               18
                                               23:19 Wednesday, October 14, 2015

-------------------------------- day=12 tx=ctrl --------------------------------

                              The MEANS Procedure

                           Analysis Variable : my my
 
        N            Mean         Std Dev         Minimum         Maximum
      -------------------------------------------------------------------
        3      28.3333333       2.5166115      26.0000000      31.0000000
      -------------------------------------------------------------------


-------------------------------- day=12 tx=rstr --------------------------------

                           Analysis Variable : my my
 
        N            Mean         Std Dev         Minimum         Maximum
      -------------------------------------------------------------------
        3      23.3333333       1.5275252      22.0000000      25.0000000
      -------------------------------------------------------------------


-------------------------------- day=13 tx=ctrl --------------------------------

                           Analysis Variable : my my
 
        N            Mean         Std Dev         Minimum         Maximum
      -------------------------------------------------------------------
        3      30.0000000       4.3588989      25.0000000      33.0000000
      -------------------------------------------------------------------


-------------------------------- day=13 tx=rstr --------------------------------

                           Analysis Variable : my my
 
        N            Mean         Std Dev         Minimum         Maximum
      -------------------------------------------------------------------
        3      21.3333333       2.0816660      19.0000000      23.0000000
      -------------------------------------------------------------------


-------------------------------- day=14 tx=ctrl --------------------------------

                           Analysis Variable : my my
 
        N            Mean         Std Dev         Minimum         Maximum
      -------------------------------------------------------------------
        3      18.0000000       1.0000000      17.0000000      19.0000000
      -------------------------------------------------------------------


                                 The SAS System                               19
                                               23:19 Wednesday, October 14, 2015

-------------------------------- day=14 tx=rstr --------------------------------

                              The MEANS Procedure

                           Analysis Variable : my my
 
        N            Mean         Std Dev         Minimum         Maximum
      -------------------------------------------------------------------
        3      12.6666667       0.5773503      12.0000000      13.0000000
      -------------------------------------------------------------------
                                 The SAS System                               20
                                               23:19 Wednesday, October 14, 2015

                              The Mixed Procedure

                               Model Information

             Data Set                     WORK.ANALYSIS            
             Dependent Variable           my                       
             Covariance Structure         Variance Components      
             Estimation Method            REML                     
             Residual Variance Method     Profile                  
             Fixed Effects SE Method      Model-Based              
             Degrees of Freedom Method    Containment              


                            Class Level Information
 
               Class    Levels    Values

               tx            2    ctrl rstr                     


                                  Dimensions

                      Covariance Parameters             4
                      Columns in X                      4
                      Columns in Z                      3
                      Subjects                          1
                      Max Obs Per Subject              90


                            Number of Observations

                  Number of Observations Read              90
                  Number of Observations Used              90
                  Number of Observations Not Used           0


                               Iteration History
 
          Iteration    Evaluations    -2 Res Log Like       Criterion

                  0              1       524.97765649                
                  1              3       523.20228112      0.00002604
                  2              2       523.19829895      0.00000106
                  3              1       523.19810130      0.00000000


                           Convergence criteria met.                    


                        Covariance Parameter Estimates
 
                                     Standard         Z
            Cov Parm     Estimate       Error     Value      Pr > Z

            block          0.5599      1.0720      0.52      0.3007
            parity              0           .       .         .    
            dim          0.000293    0.001092      0.27      0.3941
                                 The SAS System                               21
                                               23:19 Wednesday, October 14, 2015

                              The Mixed Procedure

                        Covariance Parameter Estimates
 
                                     Standard         Z
            Cov Parm     Estimate       Error     Value      Pr > Z

            Residual      20.1744      3.0913      6.53      <.0001


                                Fit Statistics

                     -2 Res Log Likelihood           523.2
                     AIC (smaller is better)         529.2
                     AICC (smaller is better)        529.5
                     BIC (smaller is better)         523.2


                         Type 3 Tests of Fixed Effects
 
                               Num     Den
                 Effect         DF      DF    F Value    Pr > F

                 tx              1      84      39.18    <.0001
                 amy             1      84       0.56    0.4584
